{"/Users/dev_k/jisou/program/Clear-Draft-App/src/components/ui/container/ContentWrapper.tsx": {"path":"/Users/dev_k/jisou/program/Clear-Draft-App/src/components/ui/container/ContentWrapper.tsx","statementMap":{"0":{"start":{"line":1,"column":0},"end":{"line":1,"column":44}},"1":{"start":{"line":2,"column":0},"end":{"line":2,"column":39}},"2":{"start":{"line":3,"column":0},"end":{"line":3,"column":45}},"3":{"start":{"line":14,"column":13},"end":{"line":28,"column":3}},"4":{"start":{"line":15,"column":2},"end":{"line":27,"column":4}}},"fnMap":{"0":{"name":"(anonymous_6)","decl":{"start":{"line":14,"column":46},"end":{"line":14,"column":47}},"loc":{"start":{"line":14,"column":86},"end":{"line":28,"column":1}}}},"branchMap":{"0":{"loc":{"start":{"line":18,"column":9},"end":{"line":18,"column":40}},"type":"cond-expr","locations":[{"start":{"line":18,"column":13},"end":{"line":18,"column":14}},{"start":{"line":18,"column":17},"end":{"line":18,"column":40}}]},"1":{"loc":{"start":{"line":22,"column":18},"end":{"line":22,"column":29}},"type":"cond-expr","locations":[{"start":{"line":22,"column":18},"end":{"line":22,"column":23}},{"start":{"line":22,"column":27},"end":{"line":22,"column":29}}]},"2":{"loc":{"start":{"line":22,"column":18},"end":{"line":22,"column":27}},"type":"binary-expr","locations":[{"start":{"line":22,"column":18},"end":{"line":22,"column":27}},{"start":{"line":22,"column":18},"end":{"line":22,"column":27}}]},"3":{"loc":{"start":{"line":23,"column":10},"end":{"line":23,"column":18}},"type":"cond-expr","locations":[{"start":{"line":23,"column":10},"end":{"line":23,"column":12}},{"start":{"line":23,"column":16},"end":{"line":23,"column":18}}]},"4":{"loc":{"start":{"line":23,"column":10},"end":{"line":23,"column":16}},"type":"binary-expr","locations":[{"start":{"line":23,"column":10},"end":{"line":23,"column":16}},{"start":{"line":23,"column":10},"end":{"line":23,"column":16}}]}},"s":{"0":1,"1":1,"2":1,"3":1,"4":8},"f":{"0":8},"b":{"0":[0,8],"1":[8,0],"2":[8,8],"3":[0,8],"4":[8,8]}}
,"/Users/dev_k/jisou/program/Clear-Draft-App/src/components/ui/parts/CustomButton.tsx": {"path":"/Users/dev_k/jisou/program/Clear-Draft-App/src/components/ui/parts/CustomButton.tsx","statementMap":{"0":{"start":{"line":1,"column":0},"end":{"line":1,"column":44}},"1":{"start":{"line":2,"column":0},"end":{"line":2,"column":39}},"2":{"start":{"line":14,"column":13},"end":{"line":34,"column":3}},"3":{"start":{"line":15,"column":2},"end":{"line":33,"column":4}}},"fnMap":{"0":{"name":"(anonymous_6)","decl":{"start":{"line":14,"column":44},"end":{"line":14,"column":45}},"loc":{"start":{"line":14,"column":112},"end":{"line":34,"column":1}}}},"branchMap":{},"s":{"0":1,"1":1,"2":1,"3":3},"f":{"0":3},"b":{}}
,"/Users/dev_k/jisou/program/Clear-Draft-App/src/constant/index.ts": {"path":"/Users/dev_k/jisou/program/Clear-Draft-App/src/constant/index.ts","statementMap":{"0":{"start":{"line":2,"column":22},"end":{"line":2,"column":29}},"1":{"start":{"line":5,"column":22},"end":{"line":5,"column":28}},"2":{"start":{"line":8,"column":22},"end":{"line":8,"column":30}},"3":{"start":{"line":11,"column":23},"end":{"line":11,"column":76}},"4":{"start":{"line":13,"column":13},"end":{"line":18,"column":2}}},"fnMap":{},"branchMap":{},"s":{"0":1,"1":1,"2":1,"3":1,"4":1},"f":{},"b":{}}
,"/Users/dev_k/jisou/program/Clear-Draft-App/src/context/LoadingProvider.tsx": {"path":"/Users/dev_k/jisou/program/Clear-Draft-App/src/context/LoadingProvider.tsx","statementMap":{"0":{"start":{"line":1,"column":0},"end":{"line":1,"column":63}},"1":{"start":{"line":8,"column":13},"end":{"line":8,"column":70}},"2":{"start":{"line":10,"column":60},"end":{"line":17,"column":1}},"3":{"start":{"line":11,"column":23},"end":{"line":11,"column":28}},"4":{"start":{"line":13,"column":50},"end":{"line":13,"column":65}},"5":{"start":{"line":14,"column":2},"end":{"line":16,"column":4}},"6":{"start":{"line":10,"column":13},"end":{"line":10,"column":60}}},"fnMap":{"0":{"name":"(anonymous_0)","decl":{"start":{"line":10,"column":60},"end":{"line":10,"column":61}},"loc":{"start":{"line":10,"column":70},"end":{"line":17,"column":1}}}},"branchMap":{},"s":{"0":1,"1":1,"2":1,"3":2,"4":2,"5":2,"6":1},"f":{"0":2},"b":{}}
,"/Users/dev_k/jisou/program/Clear-Draft-App/src/hooks/useMessage.tsx": {"path":"/Users/dev_k/jisou/program/Clear-Draft-App/src/hooks/useMessage.tsx","statementMap":{"0":{"start":{"line":1,"column":0},"end":{"line":1,"column":44}},"1":{"start":{"line":8,"column":26},"end":{"line":24,"column":1}},"2":{"start":{"line":9,"column":16},"end":{"line":9,"column":26}},"3":{"start":{"line":11,"column":25},"end":{"line":19,"column":3}},"4":{"start":{"line":12,"column":4},"end":{"line":18,"column":7}},"5":{"start":{"line":21,"column":2},"end":{"line":23,"column":4}},"6":{"start":{"line":8,"column":13},"end":{"line":8,"column":26}}},"fnMap":{"0":{"name":"(anonymous_0)","decl":{"start":{"line":8,"column":26},"end":{"line":8,"column":29}},"loc":{"start":{"line":8,"column":31},"end":{"line":24,"column":1}}},"1":{"name":"(anonymous_1)","decl":{"start":{"line":11,"column":25},"end":{"line":11,"column":26}},"loc":{"start":{"line":11,"column":54},"end":{"line":19,"column":3}}}},"branchMap":{},"s":{"0":1,"1":1,"2":8,"3":8,"4":1,"5":8,"6":1},"f":{"0":8,"1":1},"b":{}}
,"/Users/dev_k/jisou/program/Clear-Draft-App/src/page/Settings/Settings.tsx": {"path":"/Users/dev_k/jisou/program/Clear-Draft-App/src/page/Settings/Settings.tsx","statementMap":{"0":{"start":{"line":1,"column":0},"end":{"line":1,"column":79}},"1":{"start":{"line":2,"column":0},"end":{"line":2,"column":39}},"2":{"start":{"line":3,"column":0},"end":{"line":3,"column":40}},"3":{"start":{"line":4,"column":0},"end":{"line":4,"column":57}},"4":{"start":{"line":5,"column":0},"end":{"line":5,"column":58}},"5":{"start":{"line":7,"column":0},"end":{"line":7,"column":78}},"6":{"start":{"line":8,"column":0},"end":{"line":8,"column":36}},"7":{"start":{"line":9,"column":0},"end":{"line":9,"column":52}},"8":{"start":{"line":10,"column":0},"end":{"line":10,"column":34}},"9":{"start":{"line":11,"column":0},"end":{"line":11,"column":42}},"10":{"start":{"line":12,"column":0},"end":{"line":12,"column":63}},"11":{"start":{"line":13,"column":0},"end":{"line":13,"column":70}},"12":{"start":{"line":15,"column":13},"end":{"line":84,"column":3}},"13":{"start":{"line":21,"column":6},"end":{"line":21,"column":34}},"14":{"start":{"line":24,"column":44},"end":{"line":24,"column":59}},"15":{"start":{"line":27,"column":34},"end":{"line":27,"column":60}},"16":{"start":{"line":30,"column":29},"end":{"line":30,"column":41}},"17":{"start":{"line":33,"column":2},"end":{"line":33,"column":49}},"18":{"start":{"line":33,"column":18},"end":{"line":33,"column":38}},"19":{"start":{"line":36,"column":62},"end":{"line":46,"column":null}},"20":{"start":{"line":37,"column":24},"end":{"line":45,"column":null}},"21":{"start":{"line":38,"column":6},"end":{"line":38,"column":32}},"22":{"start":{"line":39,"column":6},"end":{"line":39,"column":29}},"23":{"start":{"line":40,"column":6},"end":{"line":40,"column":54}},"24":{"start":{"line":41,"column":6},"end":{"line":41,"column":68}},"25":{"start":{"line":42,"column":6},"end":{"line":42,"column":30}},"26":{"start":{"line":43,"column":6},"end":{"line":43,"column":33}},"27":{"start":{"line":44,"column":6},"end":{"line":44,"column":27}},"28":{"start":{"line":49,"column":2},"end":{"line":83,"column":4}}},"fnMap":{"0":{"name":"(anonymous_13)","decl":{"start":{"line":15,"column":33},"end":{"line":15,"column":36}},"loc":{"start":{"line":15,"column":38},"end":{"line":84,"column":1}}},"1":{"name":"(anonymous_14)","decl":{"start":{"line":33,"column":12},"end":{"line":33,"column":15}},"loc":{"start":{"line":33,"column":18},"end":{"line":33,"column":38}}},"2":{"name":"(anonymous_15)","decl":{"start":{"line":37,"column":4},"end":{"line":37,"column":11}},"loc":{"start":{"line":37,"column":24},"end":{"line":45,"column":null}}},"3":{"name":"(anonymous_16)","decl":{"start":{"line":37,"column":24},"end":{"line":37,"column":null}},"loc":{"start":{"line":37,"column":20},"end":{"line":45,"column":5}}}},"branchMap":{"0":{"loc":{"start":{"line":75,"column":11},"end":{"line":78,"column":null}},"type":"binary-expr","locations":[{"start":{"line":75,"column":11},"end":{"line":75,"column":23}},{"start":{"line":76,"column":12},"end":{"line":77,"column":null}}]}},"s":{"0":1,"1":1,"2":1,"3":1,"4":1,"5":1,"6":1,"7":1,"8":1,"9":1,"10":1,"11":1,"12":1,"13":8,"14":8,"15":8,"16":8,"17":8,"18":3,"19":8,"20":1,"21":1,"22":1,"23":1,"24":1,"25":1,"26":1,"27":1,"28":8},"f":{"0":8,"1":3,"2":1,"3":1},"b":{"0":[8,1]}}
,"/Users/dev_k/jisou/program/Clear-Draft-App/src/util/index.ts": {"path":"/Users/dev_k/jisou/program/Clear-Draft-App/src/util/index.ts","statementMap":{"0":{"start":{"line":1,"column":0},"end":{"line":1,"column":33}},"1":{"start":{"line":2,"column":0},"end":{"line":2,"column":39}},"2":{"start":{"line":3,"column":0},"end":{"line":3,"column":32}},"3":{"start":{"line":6,"column":0},"end":{"line":6,"column":34}},"4":{"start":{"line":9,"column":23},"end":{"line":9,"column":55}},"5":{"start":{"line":10,"column":18},"end":{"line":10,"column":20}},"6":{"start":{"line":13,"column":17},"end":{"line":13,"column":38}},"7":{"start":{"line":14,"column":0},"end":{"line":16,"column":2}},"8":{"start":{"line":15,"column":2},"end":{"line":15,"column":47}},"9":{"start":{"line":17,"column":0},"end":{"line":19,"column":3}},"10":{"start":{"line":22,"column":16},"end":{"line":27,"column":1}},"11":{"start":{"line":23,"column":13},"end":{"line":23,"column":53}},"12":{"start":{"line":24,"column":14},"end":{"line":24,"column":53}},"13":{"start":{"line":25,"column":20},"end":{"line":25,"column":117}},"14":{"start":{"line":26,"column":2},"end":{"line":26,"column":68}},"15":{"start":{"line":30,"column":16},"end":{"line":41,"column":1}},"16":{"start":{"line":31,"column":20},"end":{"line":31,"column":35}},"17":{"start":{"line":32,"column":13},"end":{"line":32,"column":55}},"18":{"start":{"line":33,"column":24},"end":{"line":33,"column":43}},"19":{"start":{"line":34,"column":14},"end":{"line":34,"column":53}},"20":{"start":{"line":35,"column":20},"end":{"line":39,"column":4}},"21":{"start":{"line":40,"column":2},"end":{"line":40,"column":47}},"22":{"start":{"line":43,"column":19},"end":{"line":53,"column":1}},"23":{"start":{"line":44,"column":15},"end":{"line":44,"column":35}},"24":{"start":{"line":46,"column":15},"end":{"line":46,"column":33}},"25":{"start":{"line":47,"column":16},"end":{"line":47,"column":60}},"26":{"start":{"line":48,"column":14},"end":{"line":48,"column":53}},"27":{"start":{"line":49,"column":16},"end":{"line":49,"column":56}},"28":{"start":{"line":50,"column":18},"end":{"line":50,"column":60}},"29":{"start":{"line":52,"column":2},"end":{"line":52,"column":55}},"30":{"start":{"line":56,"column":30},"end":{"line":60,"column":1}},"31":{"start":{"line":57,"column":2},"end":{"line":59,"column":3}},"32":{"start":{"line":58,"column":4},"end":{"line":58,"column":16}},"33":{"start":{"line":63,"column":24},"end":{"line":67,"column":1}},"34":{"start":{"line":64,"column":2},"end":{"line":66,"column":3}},"35":{"start":{"line":65,"column":4},"end":{"line":65,"column":16}},"36":{"start":{"line":70,"column":28},"end":{"line":80,"column":1}},"37":{"start":{"line":71,"column":2},"end":{"line":71,"column":14}},"38":{"start":{"line":72,"column":14},"end":{"line":72,"column":16}},"39":{"start":{"line":73,"column":21},"end":{"line":79,"column":7}},"40":{"start":{"line":74,"column":4},"end":{"line":74,"column":42}},"41":{"start":{"line":74,"column":22},"end":{"line":74,"column":40}},"42":{"start":{"line":75,"column":4},"end":{"line":75,"column":12}},"43":{"start":{"line":76,"column":4},"end":{"line":78,"column":5}},"44":{"start":{"line":77,"column":6},"end":{"line":77,"column":32}},"45":{"start":{"line":83,"column":17},"end":{"line":86,"column":2}},"46":{"start":{"line":83,"column":40},"end":{"line":86,"column":2}},"47":{"start":{"line":84,"column":21},"end":{"line":84,"column":39}},"48":{"start":{"line":85,"column":2},"end":{"line":85,"column":40}},"49":{"start":{"line":88,"column":13},"end":{"line":96,"column":2}}},"fnMap":{"0":{"name":"(anonymous_8)","decl":{"start":{"line":14,"column":16},"end":{"line":14,"column":17}},"loc":{"start":{"line":14,"column":47},"end":{"line":16,"column":1}}},"1":{"name":"(anonymous_9)","decl":{"start":{"line":22,"column":16},"end":{"line":22,"column":17}},"loc":{"start":{"line":22,"column":33},"end":{"line":27,"column":1}}},"2":{"name":"(anonymous_10)","decl":{"start":{"line":30,"column":16},"end":{"line":30,"column":17}},"loc":{"start":{"line":30,"column":33},"end":{"line":41,"column":1}}},"3":{"name":"(anonymous_11)","decl":{"start":{"line":43,"column":19},"end":{"line":43,"column":20}},"loc":{"start":{"line":43,"column":50},"end":{"line":53,"column":1}}},"4":{"name":"(anonymous_12)","decl":{"start":{"line":56,"column":30},"end":{"line":56,"column":31}},"loc":{"start":{"line":56,"column":60},"end":{"line":60,"column":1}}},"5":{"name":"(anonymous_13)","decl":{"start":{"line":63,"column":24},"end":{"line":63,"column":25}},"loc":{"start":{"line":63,"column":40},"end":{"line":67,"column":1}}},"6":{"name":"(anonymous_14)","decl":{"start":{"line":70,"column":28},"end":{"line":70,"column":29}},"loc":{"start":{"line":70,"column":101},"end":{"line":80,"column":1}}},"7":{"name":"(anonymous_15)","decl":{"start":{"line":73,"column":33},"end":{"line":73,"column":36}},"loc":{"start":{"line":73,"column":38},"end":{"line":79,"column":3}}},"8":{"name":"(anonymous_16)","decl":{"start":{"line":74,"column":12},"end":{"line":74,"column":13}},"loc":{"start":{"line":74,"column":22},"end":{"line":74,"column":40}}},"9":{"name":"(anonymous_17)","decl":{"start":{"line":83,"column":17},"end":{"line":83,"column":24}},"loc":{"start":{"line":83,"column":40},"end":{"line":86,"column":2}}},"10":{"name":"(anonymous_18)","decl":{"start":{"line":83,"column":40},"end":{"line":83,"column":null}},"loc":{"start":{"line":83,"column":40},"end":{"line":86,"column":1}}}},"branchMap":{"0":{"loc":{"start":{"line":57,"column":2},"end":{"line":59,"column":3}},"type":"if","locations":[{"start":{"line":57,"column":2},"end":{"line":59,"column":3}}]},"1":{"loc":{"start":{"line":57,"column":6},"end":{"line":57,"column":82}},"type":"binary-expr","locations":[{"start":{"line":57,"column":6},"end":{"line":57,"column":28}},{"start":{"line":57,"column":32},"end":{"line":57,"column":52}},{"start":{"line":57,"column":56},"end":{"line":57,"column":82}}]},"2":{"loc":{"start":{"line":64,"column":2},"end":{"line":66,"column":3}},"type":"if","locations":[{"start":{"line":64,"column":2},"end":{"line":66,"column":3}}]},"3":{"loc":{"start":{"line":76,"column":4},"end":{"line":78,"column":5}},"type":"if","locations":[{"start":{"line":76,"column":4},"end":{"line":78,"column":5}}]}},"s":{"0":1,"1":1,"2":1,"3":1,"4":1,"5":1,"6":1,"7":1,"8":0,"9":1,"10":1,"11":1,"12":1,"13":1,"14":1,"15":1,"16":0,"17":0,"18":0,"19":0,"20":0,"21":0,"22":1,"23":0,"24":0,"25":0,"26":0,"27":0,"28":0,"29":0,"30":1,"31":0,"32":0,"33":1,"34":0,"35":0,"36":1,"37":0,"38":0,"39":0,"40":0,"41":0,"42":0,"43":0,"44":0,"45":1,"46":0,"47":0,"48":0,"49":1},"f":{"0":0,"1":1,"2":0,"3":0,"4":0,"5":0,"6":0,"7":0,"8":0,"9":0,"10":0},"b":{"0":[0],"1":[0,0,0],"2":[0],"3":[0]}}
}
