TN:
SF:src/components/ui/container/ContentWrapper.tsx
FN:14,(anonymous_6)
FNF:1
FNH:1
FNDA:8,(anonymous_6)
DA:1,1
DA:2,1
DA:3,1
DA:14,1
DA:15,8
LF:5
LH:5
BRDA:18,0,0,0
BRDA:18,0,1,8
BRDA:22,1,0,8
BRDA:22,1,1,0
BRDA:22,2,0,8
BRDA:22,2,1,8
BRDA:23,3,0,0
BRDA:23,3,1,8
BRDA:23,4,0,8
BRDA:23,4,1,8
BRF:10
BRH:7
end_of_record
TN:
SF:src/components/ui/parts/CustomButton.tsx
FN:14,(anonymous_6)
FNF:1
FNH:1
FNDA:3,(anonymous_6)
DA:1,1
DA:2,1
DA:14,1
DA:15,3
LF:4
LH:4
BRF:0
BRH:0
end_of_record
TN:
SF:src/constant/index.ts
FNF:0
FNH:0
DA:2,1
DA:5,1
DA:8,1
DA:11,1
DA:13,1
LF:5
LH:5
BRF:0
BRH:0
end_of_record
TN:
SF:src/context/LoadingProvider.tsx
FN:10,(anonymous_0)
FNF:1
FNH:1
FNDA:2,(anonymous_0)
DA:1,1
DA:8,1
DA:10,1
DA:11,2
DA:13,2
DA:14,2
LF:6
LH:6
BRF:0
BRH:0
end_of_record
TN:
SF:src/hooks/useMessage.tsx
FN:8,(anonymous_0)
FN:11,(anonymous_1)
FNF:2
FNH:2
FNDA:8,(anonymous_0)
FNDA:1,(anonymous_1)
DA:1,1
DA:8,1
DA:9,8
DA:11,8
DA:12,1
DA:21,8
LF:6
LH:6
BRF:0
BRH:0
end_of_record
TN:
SF:src/page/Settings/Settings.tsx
FN:15,(anonymous_13)
FN:33,(anonymous_14)
FN:37,(anonymous_15)
FN:37,(anonymous_16)
FNF:4
FNH:4
FNDA:8,(anonymous_13)
FNDA:3,(anonymous_14)
FNDA:1,(anonymous_15)
FNDA:1,(anonymous_16)
DA:1,1
DA:2,1
DA:3,1
DA:4,1
DA:5,1
DA:7,1
DA:8,1
DA:9,1
DA:10,1
DA:11,1
DA:12,1
DA:13,1
DA:15,1
DA:21,8
DA:24,8
DA:27,8
DA:30,8
DA:33,8
DA:36,8
DA:37,1
DA:38,1
DA:39,1
DA:40,1
DA:41,1
DA:42,1
DA:43,1
DA:44,1
DA:49,8
LF:28
LH:28
BRDA:75,0,0,8
BRDA:75,0,1,1
BRF:2
BRH:2
end_of_record
TN:
SF:src/util/index.ts
FN:14,(anonymous_8)
FN:22,(anonymous_9)
FN:30,(anonymous_10)
FN:43,(anonymous_11)
FN:56,(anonymous_12)
FN:63,(anonymous_13)
FN:70,(anonymous_14)
FN:73,(anonymous_15)
FN:74,(anonymous_16)
FN:83,(anonymous_17)
FN:83,(anonymous_18)
FNF:11
FNH:1
FNDA:0,(anonymous_8)
FNDA:1,(anonymous_9)
FNDA:0,(anonymous_10)
FNDA:0,(anonymous_11)
FNDA:0,(anonymous_12)
FNDA:0,(anonymous_13)
FNDA:0,(anonymous_14)
FNDA:0,(anonymous_15)
FNDA:0,(anonymous_16)
FNDA:0,(anonymous_17)
FNDA:0,(anonymous_18)
DA:1,1
DA:2,1
DA:3,1
DA:6,1
DA:9,1
DA:10,1
DA:13,1
DA:14,1
DA:15,0
DA:17,1
DA:22,1
DA:23,1
DA:24,1
DA:25,1
DA:26,1
DA:30,1
DA:31,0
DA:32,0
DA:33,0
DA:34,0
DA:35,0
DA:40,0
DA:43,1
DA:44,0
DA:46,0
DA:47,0
DA:48,0
DA:49,0
DA:50,0
DA:52,0
DA:56,1
DA:57,0
DA:58,0
DA:63,1
DA:64,0
DA:65,0
DA:70,1
DA:71,0
DA:72,0
DA:73,0
DA:74,0
DA:75,0
DA:76,0
DA:77,0
DA:83,1
DA:84,0
DA:85,0
DA:88,1
LF:48
LH:21
BRDA:57,0,0,0
BRDA:57,1,0,0
BRDA:57,1,1,0
BRDA:57,1,2,0
BRDA:64,2,0,0
BRDA:76,3,0,0
BRF:6
BRH:0
end_of_record
